<?xml version="1.0" encoding="UTF-8"?>
<!-- Generated by org.testng.reporters.JUnitReportReporter -->
<testsuite skipped="0" hostname="welcome-PC" name="RegistrationPageTest" tests="1" failures="0" timestamp="06 Mar 2019 12:02:55 GMT" time="50.923" errors="0">
  <testcase name="VerifyRegistrationSuccess" time="50.923" classname="RegistrationPageTest"/>
</testsuite> <!-- RegistrationPageTest -->
