<?xml version="1.0" encoding="UTF-8"?>
<!-- Generated by org.testng.reporters.JUnitReportReporter -->
<testsuite skipped="0" hostname="welcome-PC" name="FlightFinderPageTest" tests="2" failures="0" timestamp="06 Mar 2019 12:02:56 GMT" time="83.602" errors="0">
  <testcase name="SelectFlightDetails" time="38.849" classname="FlightFinderPageTest"/>
  <testcase name="SelectFlightDetails" time="44.753" classname="FlightFinderPageTest"/>
</testsuite> <!-- FlightFinderPageTest -->
