<?xml version="1.0" encoding="UTF-8"?>
<!-- Generated by org.testng.reporters.JUnitReportReporter -->
<testsuite skipped="0" hostname="welcome-PC" name="mercury.pages.HomePage" tests="1" failures="0" timestamp="05 Mar 2019 05:08:24 GMT" time="0.033" errors="0">
  <testcase name="test" time="0.033" classname="mercury.pages.HomePage"/>
</testsuite> <!-- mercury.pages.HomePage -->
