<?xml version="1.0" encoding="UTF-8"?>
<!-- Generated by org.testng.reporters.JUnitReportReporter -->
<testsuite skipped="0" hostname="welcome-PC" name="RegconfirmationPageTest" tests="1" failures="0" timestamp="05 Mar 2019 07:00:15 GMT" time="61.326" errors="0">
  <testcase name="verifyRegConfirmationmessage" time="61.326" classname="RegconfirmationPageTest"/>
</testsuite> <!-- RegconfirmationPageTest -->
