<?xml version="1.0" encoding="UTF-8"?>
<!-- Generated by org.testng.reporters.JUnitReportReporter -->
<testsuite skipped="0" hostname="welcome-PC" name="HomePageTest" tests="3" failures="0" timestamp="06 Mar 2019 12:02:56 GMT" time="30.965" errors="0">
  <testcase name="loginatHomePage" time="12.769" classname="HomePageTest"/>
  <testcase name="loginatHomePage" time="9.878" classname="HomePageTest"/>
  <testcase name="registrationlinktest" time="8.318" classname="HomePageTest"/>
</testsuite> <!-- HomePageTest -->
