<?xml version="1.0" encoding="UTF-8"?>
<!-- Generated by org.testng.reporters.JUnitReportReporter -->
<testsuite hostname="welcome-PC" name="FlightFinderPageTest" tests="2" failures="0" timestamp="7 Mar 2019 11:05:20 GMT" time="90.479" errors="0">
  <testcase name="SelectFlightDetails" time="47.372" classname="FlightFinderPageTest"/>
  <testcase name="SelectFlightDetails" time="43.107" classname="FlightFinderPageTest"/>
</testsuite> <!-- FlightFinderPageTest -->
