<?xml version="1.0" encoding="UTF-8"?>
<!-- Generated by org.testng.reporters.JUnitReportReporter -->
<testsuite hostname="welcome-PC" name="HomePageTest" tests="3" failures="0" timestamp="7 Mar 2019 11:05:20 GMT" time="63.669" errors="0">
  <testcase name="registrationlinktest" time="14.979" classname="HomePageTest"/>
  <testcase name="loginatHomePage" time="32.548" classname="HomePageTest"/>
  <testcase name="loginatHomePage" time="16.142" classname="HomePageTest"/>
</testsuite> <!-- HomePageTest -->
