<?xml version="1.0" encoding="UTF-8"?>
<!-- Generated by org.testng.reporters.JUnitReportReporter -->
<testsuite hostname="welcome-PC" name="HomePageTest" tests="3" failures="0" timestamp="12 Mar 2019 07:39:15 GMT" time="36.662" errors="0">
  <testcase name="registrationlinktest" time="11.710" classname="HomePageTest"/>
  <testcase name="loginatHomePage" time="10.341" classname="HomePageTest"/>
  <testcase name="loginatHomePage" time="14.611" classname="HomePageTest"/>
</testsuite> <!-- HomePageTest -->
