<?xml version="1.0" encoding="UTF-8"?>
<!-- Generated by org.testng.reporters.JUnitReportReporter -->
<testsuite hostname="welcome-PC" name="RegistrationPageTest" tests="1" failures="0" timestamp="7 Mar 2019 11:05:20 GMT" time="15.554" errors="0">
  <testcase name="VerifyRegistrationSuccess" time="15.554" classname="RegistrationPageTest"/>
</testsuite> <!-- RegistrationPageTest -->
